{"C:\\Users\\ayman\\Desktop\\league-system-server\\src\\js\\app.js": {"path":"C:\\Users\\ayman\\Desktop\\league-system-server\\src\\js\\app.js","statementMap":{"0":{"start":{"line":8,"column":12},"end":{"line":8,"column":21}},"1":{"start":{"line":10,"column":0},"end":{"line":14,"column":2}},"2":{"start":{"line":15,"column":0},"end":{"line":15,"column":24}},"3":{"start":{"line":17,"column":0},"end":{"line":17,"column":35}},"4":{"start":{"line":18,"column":0},"end":{"line":25,"column":2}},"5":{"start":{"line":26,"column":0},"end":{"line":33,"column":2}}},"fnMap":{},"branchMap":{},"s":{"0":1,"1":1,"2":1,"3":1,"4":1,"5":1},"f":{},"b":{},"_coverageSchema":"1a1c01bbd47fc00a2c39e90264f33305004495a9","hash":"7aae8ab4e76220e6a9cb642f5a74627741c3293f"}
,"C:\\Users\\ayman\\Desktop\\league-system-server\\src\\js\\auth.js": {"path":"C:\\Users\\ayman\\Desktop\\league-system-server\\src\\js\\auth.js","statementMap":{"0":{"start":{"line":6,"column":18},"end":{"line":6,"column":52}},"1":{"start":{"line":8,"column":18},"end":{"line":8,"column":38}},"2":{"start":{"line":9,"column":15},"end":{"line":9,"column":37}},"3":{"start":{"line":11,"column":11},"end":{"line":15,"column":1}},"4":{"start":{"line":18,"column":2},"end":{"line":27,"column":5}},"5":{"start":{"line":19,"column":4},"end":{"line":21,"column":5}},"6":{"start":{"line":20,"column":6},"end":{"line":20,"column":30}},"7":{"start":{"line":22,"column":4},"end":{"line":26,"column":5}},"8":{"start":{"line":23,"column":6},"end":{"line":23,"column":30}},"9":{"start":{"line":25,"column":6},"end":{"line":25,"column":31}},"10":{"start":{"line":30,"column":0},"end":{"line":30,"column":53}}},"fnMap":{"0":{"name":"verifyUserToken","decl":{"start":{"line":17,"column":16},"end":{"line":17,"column":31}},"loc":{"start":{"line":17,"column":51},"end":{"line":28,"column":1}},"line":17},"1":{"name":"(anonymous_1)","decl":{"start":{"line":18,"column":32},"end":{"line":18,"column":33}},"loc":{"start":{"line":18,"column":53},"end":{"line":27,"column":3}},"line":18}},"branchMap":{"0":{"loc":{"start":{"line":19,"column":4},"end":{"line":21,"column":5}},"type":"if","locations":[{"start":{"line":19,"column":4},"end":{"line":21,"column":5}},{"start":{"line":19,"column":4},"end":{"line":21,"column":5}}],"line":19},"1":{"loc":{"start":{"line":22,"column":4},"end":{"line":26,"column":5}},"type":"if","locations":[{"start":{"line":22,"column":4},"end":{"line":26,"column":5}},{"start":{"line":22,"column":4},"end":{"line":26,"column":5}}],"line":22}},"s":{"0":2,"1":2,"2":2,"3":2,"4":3,"5":3,"6":1,"7":2,"8":1,"9":1,"10":2},"f":{"0":3,"1":3},"b":{"0":[1,2],"1":[1,1]},"_coverageSchema":"1a1c01bbd47fc00a2c39e90264f33305004495a9","hash":"05b82f09c8012da89c626532618e6db332d05ccb"}
,"C:\\Users\\ayman\\Desktop\\league-system-server\\src\\js\\data\\db.js": {"path":"C:\\Users\\ayman\\Desktop\\league-system-server\\src\\js\\data\\db.js","statementMap":{"0":{"start":{"line":11,"column":18},"end":{"line":14,"column":2}}},"fnMap":{},"branchMap":{},"s":{"0":3},"f":{},"b":{},"_coverageSchema":"1a1c01bbd47fc00a2c39e90264f33305004495a9","hash":"f768f38a6a057af5f898fc06aaf4977b9d401404"}
,"C:\\Users\\ayman\\Desktop\\league-system-server\\src\\js\\data\\game.js": {"path":"C:\\Users\\ayman\\Desktop\\league-system-server\\src\\js\\data\\game.js","statementMap":{"0":{"start":{"line":4,"column":11},"end":{"line":4,"column":33}},"1":{"start":{"line":6,"column":17},"end":{"line":19,"column":2}},"2":{"start":{"line":22,"column":2},"end":{"line":24,"column":5}}},"fnMap":{"0":{"name":"syncGames","decl":{"start":{"line":21,"column":22},"end":{"line":21,"column":31}},"loc":{"start":{"line":21,"column":45},"end":{"line":49,"column":1}},"line":21}},"branchMap":{},"s":{"0":1,"1":1,"2":2},"f":{"0":2},"b":{},"_coverageSchema":"1a1c01bbd47fc00a2c39e90264f33305004495a9","hash":"320ae6b70d41cbe36f9d16a7ebef0029bb6a9005"}
,"C:\\Users\\ayman\\Desktop\\league-system-server\\src\\js\\data\\init.js": {"path":"C:\\Users\\ayman\\Desktop\\league-system-server\\src\\js\\data\\init.js","statementMap":{"0":{"start":{"line":6,"column":2},"end":{"line":6,"column":31}},"1":{"start":{"line":7,"column":2},"end":{"line":7,"column":34}},"2":{"start":{"line":8,"column":2},"end":{"line":8,"column":31}}},"fnMap":{"0":{"name":"initDb","decl":{"start":{"line":5,"column":30},"end":{"line":5,"column":36}},"loc":{"start":{"line":5,"column":50},"end":{"line":9,"column":1}},"line":5}},"branchMap":{},"s":{"0":2,"1":2,"2":2},"f":{"0":2},"b":{},"_coverageSchema":"1a1c01bbd47fc00a2c39e90264f33305004495a9","hash":"f08d32ea4b0dad3dfa5c6f78b5a5159fa3e31f3c"}
,"C:\\Users\\ayman\\Desktop\\league-system-server\\src\\js\\data\\referee.js": {"path":"C:\\Users\\ayman\\Desktop\\league-system-server\\src\\js\\data\\referee.js","statementMap":{"0":{"start":{"line":7,"column":20},"end":{"line":16,"column":2}},"1":{"start":{"line":19,"column":2},"end":{"line":21,"column":5}}},"fnMap":{"0":{"name":"syncReferees","decl":{"start":{"line":18,"column":22},"end":{"line":18,"column":34}},"loc":{"start":{"line":18,"column":48},"end":{"line":42,"column":1}},"line":18}},"branchMap":{},"s":{"0":1,"1":2},"f":{"0":2},"b":{},"_coverageSchema":"1a1c01bbd47fc00a2c39e90264f33305004495a9","hash":"93af8f91bdb858a41fc60b88304f6ff96f6d4533"}
,"C:\\Users\\ayman\\Desktop\\league-system-server\\src\\js\\data\\user.js": {"path":"C:\\Users\\ayman\\Desktop\\league-system-server\\src\\js\\data\\user.js","statementMap":{"0":{"start":{"line":3,"column":11},"end":{"line":3,"column":33}},"1":{"start":{"line":5,"column":17},"end":{"line":23,"column":2}},"2":{"start":{"line":26,"column":2},"end":{"line":28,"column":5}},"3":{"start":{"line":58,"column":15},"end":{"line":69,"column":4}},"4":{"start":{"line":71,"column":2},"end":{"line":71,"column":23}}},"fnMap":{"0":{"name":"syncUsers","decl":{"start":{"line":25,"column":22},"end":{"line":25,"column":31}},"loc":{"start":{"line":25,"column":45},"end":{"line":49,"column":1}},"line":25},"1":{"name":"checkUserCredentials","decl":{"start":{"line":57,"column":15},"end":{"line":57,"column":35}},"loc":{"start":{"line":57,"column":53},"end":{"line":72,"column":1}},"line":57}},"branchMap":{},"s":{"0":3,"1":3,"2":2,"3":12,"4":12},"f":{"0":2,"1":12},"b":{},"_coverageSchema":"1a1c01bbd47fc00a2c39e90264f33305004495a9","hash":"a82764ff5f36f22d9dbb131a40a8c059774e64ec"}
,"C:\\Users\\ayman\\Desktop\\league-system-server\\src\\js\\models\\game.js": {"path":"C:\\Users\\ayman\\Desktop\\league-system-server\\src\\js\\models\\game.js","statementMap":{"0":{"start":{"line":22,"column":8},"end":{"line":49,"column":9}},"1":{"start":{"line":23,"column":12},"end":{"line":48,"column":14}},"2":{"start":{"line":27,"column":16},"end":{"line":47,"column":17}},"3":{"start":{"line":28,"column":20},"end":{"line":30,"column":21}},"4":{"start":{"line":29,"column":24},"end":{"line":29,"column":39}},"5":{"start":{"line":31,"column":20},"end":{"line":33,"column":21}},"6":{"start":{"line":32,"column":24},"end":{"line":32,"column":45}},"7":{"start":{"line":34,"column":20},"end":{"line":36,"column":21}},"8":{"start":{"line":35,"column":24},"end":{"line":35,"column":49}},"9":{"start":{"line":37,"column":20},"end":{"line":39,"column":21}},"10":{"start":{"line":38,"column":24},"end":{"line":38,"column":43}},"11":{"start":{"line":40,"column":20},"end":{"line":44,"column":21}},"12":{"start":{"line":41,"column":24},"end":{"line":43,"column":27}},"13":{"start":{"line":42,"column":28},"end":{"line":42,"column":51}},"14":{"start":{"line":45,"column":20},"end":{"line":45,"column":31}},"15":{"start":{"line":46,"column":20},"end":{"line":46,"column":31}},"16":{"start":{"line":50,"column":8},"end":{"line":50,"column":20}},"17":{"start":{"line":54,"column":20},"end":{"line":58,"column":10}},"18":{"start":{"line":59,"column":8},"end":{"line":59,"column":19}},"19":{"start":{"line":63,"column":20},"end":{"line":68,"column":10}},"20":{"start":{"line":69,"column":8},"end":{"line":82,"column":9}},"21":{"start":{"line":70,"column":12},"end":{"line":80,"column":13}},"22":{"start":{"line":74,"column":20},"end":{"line":77,"column":21}},"23":{"start":{"line":75,"column":24},"end":{"line":75,"column":48}},"24":{"start":{"line":76,"column":24},"end":{"line":76,"column":36}},"25":{"start":{"line":78,"column":20},"end":{"line":78,"column":33}},"26":{"start":{"line":81,"column":12},"end":{"line":81,"column":24}},"27":{"start":{"line":83,"column":8},"end":{"line":83,"column":21}}},"fnMap":{"0":{"name":"(anonymous_0)","decl":{"start":{"line":21,"column":4},"end":{"line":21,"column":5}},"loc":{"start":{"line":21,"column":73},"end":{"line":51,"column":5}},"line":21},"1":{"name":"(anonymous_1)","decl":{"start":{"line":25,"column":18},"end":{"line":25,"column":19}},"loc":{"start":{"line":25,"column":33},"end":{"line":48,"column":13}},"line":25},"2":{"name":"(anonymous_2)","decl":{"start":{"line":41,"column":39},"end":{"line":41,"column":40}},"loc":{"start":{"line":41,"column":48},"end":{"line":43,"column":25}},"line":41},"3":{"name":"(anonymous_3)","decl":{"start":{"line":53,"column":4},"end":{"line":53,"column":5}},"loc":{"start":{"line":53,"column":27},"end":{"line":60,"column":5}},"line":53},"4":{"name":"(anonymous_4)","decl":{"start":{"line":62,"column":4},"end":{"line":62,"column":5}},"loc":{"start":{"line":62,"column":57},"end":{"line":84,"column":5}},"line":62}},"branchMap":{"0":{"loc":{"start":{"line":22,"column":8},"end":{"line":49,"column":9}},"type":"if","locations":[{"start":{"line":22,"column":8},"end":{"line":49,"column":9}},{"start":{"line":22,"column":8},"end":{"line":49,"column":9}}],"line":22},"1":{"loc":{"start":{"line":27,"column":16},"end":{"line":47,"column":17}},"type":"if","locations":[{"start":{"line":27,"column":16},"end":{"line":47,"column":17}},{"start":{"line":27,"column":16},"end":{"line":47,"column":17}}],"line":27},"2":{"loc":{"start":{"line":28,"column":20},"end":{"line":30,"column":21}},"type":"if","locations":[{"start":{"line":28,"column":20},"end":{"line":30,"column":21}},{"start":{"line":28,"column":20},"end":{"line":30,"column":21}}],"line":28},"3":{"loc":{"start":{"line":31,"column":20},"end":{"line":33,"column":21}},"type":"if","locations":[{"start":{"line":31,"column":20},"end":{"line":33,"column":21}},{"start":{"line":31,"column":20},"end":{"line":33,"column":21}}],"line":31},"4":{"loc":{"start":{"line":34,"column":20},"end":{"line":36,"column":21}},"type":"if","locations":[{"start":{"line":34,"column":20},"end":{"line":36,"column":21}},{"start":{"line":34,"column":20},"end":{"line":36,"column":21}}],"line":34},"5":{"loc":{"start":{"line":37,"column":20},"end":{"line":39,"column":21}},"type":"if","locations":[{"start":{"line":37,"column":20},"end":{"line":39,"column":21}},{"start":{"line":37,"column":20},"end":{"line":39,"column":21}}],"line":37},"6":{"loc":{"start":{"line":40,"column":20},"end":{"line":44,"column":21}},"type":"if","locations":[{"start":{"line":40,"column":20},"end":{"line":44,"column":21}},{"start":{"line":40,"column":20},"end":{"line":44,"column":21}}],"line":40},"7":{"loc":{"start":{"line":69,"column":8},"end":{"line":82,"column":9}},"type":"if","locations":[{"start":{"line":69,"column":8},"end":{"line":82,"column":9}},{"start":{"line":69,"column":8},"end":{"line":82,"column":9}}],"line":69},"8":{"loc":{"start":{"line":70,"column":12},"end":{"line":80,"column":13}},"type":"if","locations":[{"start":{"line":70,"column":12},"end":{"line":80,"column":13}},{"start":{"line":70,"column":12},"end":{"line":80,"column":13}}],"line":70},"9":{"loc":{"start":{"line":74,"column":20},"end":{"line":77,"column":21}},"type":"if","locations":[{"start":{"line":74,"column":20},"end":{"line":77,"column":21}},{"start":{"line":74,"column":20},"end":{"line":77,"column":21}}],"line":74},"10":{"loc":{"start":{"line":74,"column":23},"end":{"line":74,"column":55}},"type":"binary-expr","locations":[{"start":{"line":74,"column":23},"end":{"line":74,"column":28}},{"start":{"line":74,"column":32},"end":{"line":74,"column":55}}],"line":74}},"s":{"0":7,"1":6,"2":6,"3":5,"4":1,"5":5,"6":1,"7":5,"8":2,"9":5,"10":1,"11":5,"12":1,"13":1,"14":5,"15":5,"16":1,"17":9,"18":9,"19":4,"20":4,"21":3,"22":2,"23":1,"24":1,"25":1,"26":1,"27":1},"f":{"0":7,"1":6,"2":1,"3":9,"4":4},"b":{"0":[6,1],"1":[5,1],"2":[1,4],"3":[1,4],"4":[2,3],"5":[1,4],"6":[1,4],"7":[3,1],"8":[2,1],"9":[1,1],"10":[2,2]},"_coverageSchema":"1a1c01bbd47fc00a2c39e90264f33305004495a9","hash":"f801bb136bc6ed1870c77712c7febd9b0dbd9b51"}
,"C:\\Users\\ayman\\Desktop\\league-system-server\\src\\js\\models\\referee.js": {"path":"C:\\Users\\ayman\\Desktop\\league-system-server\\src\\js\\models\\referee.js","statementMap":{"0":{"start":{"line":6,"column":8},"end":{"line":6,"column":37}},"1":{"start":{"line":7,"column":8},"end":{"line":7,"column":33}},"2":{"start":{"line":8,"column":8},"end":{"line":8,"column":27}},"3":{"start":{"line":9,"column":8},"end":{"line":9,"column":25}},"4":{"start":{"line":10,"column":8},"end":{"line":10,"column":27}},"5":{"start":{"line":14,"column":8},"end":{"line":19,"column":9}},"6":{"start":{"line":15,"column":24},"end":{"line":15,"column":68}},"7":{"start":{"line":16,"column":12},"end":{"line":18,"column":13}},"8":{"start":{"line":17,"column":16},"end":{"line":17,"column":30}},"9":{"start":{"line":20,"column":8},"end":{"line":20,"column":24}},"10":{"start":{"line":26,"column":8},"end":{"line":50,"column":9}},"11":{"start":{"line":27,"column":12},"end":{"line":49,"column":18}},"12":{"start":{"line":31,"column":20},"end":{"line":48,"column":21}},"13":{"start":{"line":32,"column":24},"end":{"line":34,"column":25}},"14":{"start":{"line":33,"column":28},"end":{"line":33,"column":58}},"15":{"start":{"line":35,"column":24},"end":{"line":37,"column":25}},"16":{"start":{"line":36,"column":28},"end":{"line":36,"column":56}},"17":{"start":{"line":38,"column":24},"end":{"line":40,"column":25}},"18":{"start":{"line":39,"column":28},"end":{"line":39,"column":48}},"19":{"start":{"line":41,"column":24},"end":{"line":43,"column":25}},"20":{"start":{"line":42,"column":28},"end":{"line":42,"column":48}},"21":{"start":{"line":44,"column":24},"end":{"line":46,"column":25}},"22":{"start":{"line":45,"column":28},"end":{"line":45,"column":48}},"23":{"start":{"line":47,"column":24},"end":{"line":47,"column":38}},"24":{"start":{"line":51,"column":8},"end":{"line":51,"column":24}},"25":{"start":{"line":56,"column":8},"end":{"line":61,"column":9}},"26":{"start":{"line":57,"column":25},"end":{"line":59,"column":14}},"27":{"start":{"line":60,"column":12},"end":{"line":60,"column":25}},"28":{"start":{"line":62,"column":8},"end":{"line":62,"column":24}},"29":{"start":{"line":74,"column":8},"end":{"line":86,"column":9}},"30":{"start":{"line":75,"column":12},"end":{"line":85,"column":18}},"31":{"start":{"line":79,"column":20},"end":{"line":84,"column":21}},"32":{"start":{"line":80,"column":24},"end":{"line":82,"column":25}},"33":{"start":{"line":81,"column":28},"end":{"line":81,"column":52}},"34":{"start":{"line":83,"column":24},"end":{"line":83,"column":35}},"35":{"start":{"line":90,"column":21},"end":{"line":90,"column":46}},"36":{"start":{"line":91,"column":8},"end":{"line":93,"column":9}},"37":{"start":{"line":92,"column":12},"end":{"line":92,"column":24}},"38":{"start":{"line":94,"column":25},"end":{"line":94,"column":76}},"39":{"start":{"line":95,"column":26},"end":{"line":95,"column":62}},"40":{"start":{"line":96,"column":8},"end":{"line":96,"column":32}},"41":{"start":{"line":97,"column":8},"end":{"line":97,"column":20}}},"fnMap":{"0":{"name":"(anonymous_0)","decl":{"start":{"line":5,"column":4},"end":{"line":5,"column":5}},"loc":{"start":{"line":5,"column":58},"end":{"line":11,"column":5}},"line":5},"1":{"name":"(anonymous_1)","decl":{"start":{"line":13,"column":4},"end":{"line":13,"column":5}},"loc":{"start":{"line":13,"column":26},"end":{"line":21,"column":5}},"line":13},"2":{"name":"(anonymous_2)","decl":{"start":{"line":25,"column":4},"end":{"line":25,"column":5}},"loc":{"start":{"line":25,"column":68},"end":{"line":52,"column":5}},"line":25},"3":{"name":"(anonymous_3)","decl":{"start":{"line":29,"column":22},"end":{"line":29,"column":23}},"loc":{"start":{"line":29,"column":40},"end":{"line":49,"column":17}},"line":29},"4":{"name":"(anonymous_4)","decl":{"start":{"line":55,"column":4},"end":{"line":55,"column":5}},"loc":{"start":{"line":55,"column":32},"end":{"line":63,"column":5}},"line":55},"5":{"name":"(anonymous_5)","decl":{"start":{"line":73,"column":4},"end":{"line":73,"column":5}},"loc":{"start":{"line":73,"column":50},"end":{"line":87,"column":5}},"line":73},"6":{"name":"(anonymous_6)","decl":{"start":{"line":77,"column":22},"end":{"line":77,"column":23}},"loc":{"start":{"line":77,"column":37},"end":{"line":85,"column":17}},"line":77},"7":{"name":"(anonymous_7)","decl":{"start":{"line":89,"column":4},"end":{"line":89,"column":5}},"loc":{"start":{"line":89,"column":67},"end":{"line":98,"column":5}},"line":89}},"branchMap":{"0":{"loc":{"start":{"line":14,"column":8},"end":{"line":19,"column":9}},"type":"if","locations":[{"start":{"line":14,"column":8},"end":{"line":19,"column":9}},{"start":{"line":14,"column":8},"end":{"line":19,"column":9}}],"line":14},"1":{"loc":{"start":{"line":16,"column":12},"end":{"line":18,"column":13}},"type":"if","locations":[{"start":{"line":16,"column":12},"end":{"line":18,"column":13}},{"start":{"line":16,"column":12},"end":{"line":18,"column":13}}],"line":16},"2":{"loc":{"start":{"line":26,"column":8},"end":{"line":50,"column":9}},"type":"if","locations":[{"start":{"line":26,"column":8},"end":{"line":50,"column":9}},{"start":{"line":26,"column":8},"end":{"line":50,"column":9}}],"line":26},"3":{"loc":{"start":{"line":31,"column":20},"end":{"line":48,"column":21}},"type":"if","locations":[{"start":{"line":31,"column":20},"end":{"line":48,"column":21}},{"start":{"line":31,"column":20},"end":{"line":48,"column":21}}],"line":31},"4":{"loc":{"start":{"line":32,"column":24},"end":{"line":34,"column":25}},"type":"if","locations":[{"start":{"line":32,"column":24},"end":{"line":34,"column":25}},{"start":{"line":32,"column":24},"end":{"line":34,"column":25}}],"line":32},"5":{"loc":{"start":{"line":35,"column":24},"end":{"line":37,"column":25}},"type":"if","locations":[{"start":{"line":35,"column":24},"end":{"line":37,"column":25}},{"start":{"line":35,"column":24},"end":{"line":37,"column":25}}],"line":35},"6":{"loc":{"start":{"line":38,"column":24},"end":{"line":40,"column":25}},"type":"if","locations":[{"start":{"line":38,"column":24},"end":{"line":40,"column":25}},{"start":{"line":38,"column":24},"end":{"line":40,"column":25}}],"line":38},"7":{"loc":{"start":{"line":41,"column":24},"end":{"line":43,"column":25}},"type":"if","locations":[{"start":{"line":41,"column":24},"end":{"line":43,"column":25}},{"start":{"line":41,"column":24},"end":{"line":43,"column":25}}],"line":41},"8":{"loc":{"start":{"line":44,"column":24},"end":{"line":46,"column":25}},"type":"if","locations":[{"start":{"line":44,"column":24},"end":{"line":46,"column":25}},{"start":{"line":44,"column":24},"end":{"line":46,"column":25}}],"line":44},"9":{"loc":{"start":{"line":56,"column":8},"end":{"line":61,"column":9}},"type":"if","locations":[{"start":{"line":56,"column":8},"end":{"line":61,"column":9}},{"start":{"line":56,"column":8},"end":{"line":61,"column":9}}],"line":56},"10":{"loc":{"start":{"line":74,"column":8},"end":{"line":86,"column":9}},"type":"if","locations":[{"start":{"line":74,"column":8},"end":{"line":86,"column":9}},{"start":{"line":74,"column":8},"end":{"line":86,"column":9}}],"line":74},"11":{"loc":{"start":{"line":74,"column":11},"end":{"line":74,"column":26}},"type":"binary-expr","locations":[{"start":{"line":74,"column":11},"end":{"line":74,"column":16}},{"start":{"line":74,"column":20},"end":{"line":74,"column":26}}],"line":74},"12":{"loc":{"start":{"line":79,"column":20},"end":{"line":84,"column":21}},"type":"if","locations":[{"start":{"line":79,"column":20},"end":{"line":84,"column":21}},{"start":{"line":79,"column":20},"end":{"line":84,"column":21}}],"line":79},"13":{"loc":{"start":{"line":80,"column":24},"end":{"line":82,"column":25}},"type":"if","locations":[{"start":{"line":80,"column":24},"end":{"line":82,"column":25}},{"start":{"line":80,"column":24},"end":{"line":82,"column":25}}],"line":80},"14":{"loc":{"start":{"line":91,"column":8},"end":{"line":93,"column":9}},"type":"if","locations":[{"start":{"line":91,"column":8},"end":{"line":93,"column":9}},{"start":{"line":91,"column":8},"end":{"line":93,"column":9}}],"line":91}},"s":{"0":7,"1":7,"2":7,"3":7,"4":7,"5":24,"6":22,"7":22,"8":22,"9":2,"10":5,"11":4,"12":4,"13":4,"14":3,"15":4,"16":3,"17":4,"18":4,"19":4,"20":2,"21":4,"22":1,"23":4,"24":1,"25":5,"26":4,"27":4,"28":1,"29":3,"30":2,"31":2,"32":1,"33":1,"34":1,"35":8,"36":8,"37":1,"38":7,"39":7,"40":7,"41":7},"f":{"0":7,"1":24,"2":5,"3":4,"4":5,"5":3,"6":2,"7":8},"b":{"0":[22,2],"1":[22,0],"2":[4,1],"3":[4,0],"4":[3,1],"5":[3,1],"6":[4,0],"7":[2,2],"8":[1,3],"9":[4,1],"10":[2,1],"11":[3,3],"12":[1,1],"13":[1,0],"14":[1,7]},"_coverageSchema":"1a1c01bbd47fc00a2c39e90264f33305004495a9","hash":"471385ea428530e9d163a5236426c8a03e825e68"}
,"C:\\Users\\ayman\\Desktop\\league-system-server\\src\\js\\models\\user.js": {"path":"C:\\Users\\ayman\\Desktop\\league-system-server\\src\\js\\models\\user.js","statementMap":{"0":{"start":{"line":3,"column":18},"end":{"line":10,"column":1}},"1":{"start":{"line":14,"column":4},"end":{"line":14,"column":29}},"2":{"start":{"line":15,"column":4},"end":{"line":15,"column":29}},"3":{"start":{"line":16,"column":4},"end":{"line":16,"column":31}},"4":{"start":{"line":17,"column":4},"end":{"line":17,"column":23}},"5":{"start":{"line":18,"column":4},"end":{"line":18,"column":21}},"6":{"start":{"line":25,"column":4},"end":{"line":31,"column":7}},"7":{"start":{"line":30,"column":6},"end":{"line":30,"column":27}},"8":{"start":{"line":35,"column":4},"end":{"line":35,"column":79}},"9":{"start":{"line":35,"column":35},"end":{"line":35,"column":79}},"10":{"start":{"line":37,"column":4},"end":{"line":38,"column":41}},"11":{"start":{"line":38,"column":6},"end":{"line":38,"column":41}},"12":{"start":{"line":40,"column":15},"end":{"line":40,"column":67}},"13":{"start":{"line":41,"column":19},"end":{"line":41,"column":46}},"14":{"start":{"line":42,"column":4},"end":{"line":42,"column":26}},"15":{"start":{"line":43,"column":4},"end":{"line":43,"column":16}},"16":{"start":{"line":47,"column":17},"end":{"line":52,"column":6}},"17":{"start":{"line":53,"column":4},"end":{"line":53,"column":22}},"18":{"start":{"line":54,"column":4},"end":{"line":58,"column":21}},"19":{"start":{"line":55,"column":6},"end":{"line":57,"column":8}},"20":{"start":{"line":58,"column":9},"end":{"line":58,"column":21}},"21":{"start":{"line":63,"column":18},"end":{"line":63,"column":42}},"22":{"start":{"line":64,"column":4},"end":{"line":64,"column":23}},"23":{"start":{"line":65,"column":4},"end":{"line":65,"column":31}},"24":{"start":{"line":69,"column":4},"end":{"line":69,"column":74}}},"fnMap":{"0":{"name":"(anonymous_0)","decl":{"start":{"line":13,"column":2},"end":{"line":13,"column":3}},"loc":{"start":{"line":13,"column":58},"end":{"line":19,"column":3}},"line":13},"1":{"name":"(anonymous_1)","decl":{"start":{"line":24,"column":2},"end":{"line":24,"column":3}},"loc":{"start":{"line":24,"column":35},"end":{"line":32,"column":3}},"line":24},"2":{"name":"(anonymous_2)","decl":{"start":{"line":29,"column":12},"end":{"line":29,"column":13}},"loc":{"start":{"line":29,"column":28},"end":{"line":31,"column":5}},"line":29},"3":{"name":"(anonymous_3)","decl":{"start":{"line":34,"column":2},"end":{"line":34,"column":3}},"loc":{"start":{"line":34,"column":68},"end":{"line":44,"column":3}},"line":34},"4":{"name":"(anonymous_4)","decl":{"start":{"line":46,"column":2},"end":{"line":46,"column":3}},"loc":{"start":{"line":46,"column":41},"end":{"line":59,"column":3}},"line":46},"5":{"name":"(anonymous_5)","decl":{"start":{"line":62,"column":2},"end":{"line":62,"column":3}},"loc":{"start":{"line":62,"column":24},"end":{"line":66,"column":3}},"line":62},"6":{"name":"(anonymous_6)","decl":{"start":{"line":68,"column":2},"end":{"line":68,"column":3}},"loc":{"start":{"line":68,"column":28},"end":{"line":70,"column":3}},"line":68}},"branchMap":{"0":{"loc":{"start":{"line":35,"column":4},"end":{"line":35,"column":79}},"type":"if","locations":[{"start":{"line":35,"column":4},"end":{"line":35,"column":79}},{"start":{"line":35,"column":4},"end":{"line":35,"column":79}}],"line":35},"1":{"loc":{"start":{"line":37,"column":4},"end":{"line":38,"column":41}},"type":"if","locations":[{"start":{"line":37,"column":4},"end":{"line":38,"column":41}},{"start":{"line":37,"column":4},"end":{"line":38,"column":41}}],"line":37},"2":{"loc":{"start":{"line":54,"column":4},"end":{"line":58,"column":21}},"type":"if","locations":[{"start":{"line":54,"column":4},"end":{"line":58,"column":21}},{"start":{"line":54,"column":4},"end":{"line":58,"column":21}}],"line":54}},"s":{"0":4,"1":1,"2":1,"3":1,"4":1,"5":1,"6":3,"7":3,"8":6,"9":0,"10":6,"11":5,"12":1,"13":1,"14":1,"15":1,"16":4,"17":4,"18":4,"19":2,"20":2,"21":0,"22":0,"23":0,"24":0},"f":{"0":1,"1":3,"2":3,"3":6,"4":4,"5":0,"6":0},"b":{"0":[0,6],"1":[5,1],"2":[2,2]},"_coverageSchema":"1a1c01bbd47fc00a2c39e90264f33305004495a9","hash":"4d4530bcde2e7268f7daed2cf4a363a774f47872"}
,"C:\\Users\\ayman\\Desktop\\league-system-server\\src\\js\\services\\games.js": {"path":"C:\\Users\\ayman\\Desktop\\league-system-server\\src\\js\\services\\games.js","statementMap":{"0":{"start":{"line":6,"column":15},"end":{"line":6,"column":31}},"1":{"start":{"line":14,"column":0},"end":{"line":47,"column":2}},"2":{"start":{"line":15,"column":2},"end":{"line":46,"column":3}},"3":{"start":{"line":16,"column":4},"end":{"line":28,"column":5}},"4":{"start":{"line":17,"column":6},"end":{"line":17,"column":58}},"5":{"start":{"line":20,"column":17},"end":{"line":20,"column":52}},"6":{"start":{"line":21,"column":6},"end":{"line":27,"column":7}},"7":{"start":{"line":22,"column":8},"end":{"line":22,"column":53}},"8":{"start":{"line":25,"column":8},"end":{"line":25,"column":96}},"9":{"start":{"line":26,"column":8},"end":{"line":26,"column":39}},"10":{"start":{"line":30,"column":7},"end":{"line":46,"column":3}},"11":{"start":{"line":31,"column":16},"end":{"line":31,"column":53}},"12":{"start":{"line":32,"column":4},"end":{"line":42,"column":5}},"13":{"start":{"line":33,"column":6},"end":{"line":33,"column":56}},"14":{"start":{"line":36,"column":6},"end":{"line":41,"column":7}},"15":{"start":{"line":37,"column":8},"end":{"line":37,"column":39}},"16":{"start":{"line":40,"column":8},"end":{"line":40,"column":50}},"17":{"start":{"line":45,"column":4},"end":{"line":45,"column":54}}},"fnMap":{"0":{"name":"(anonymous_0)","decl":{"start":{"line":14,"column":32},"end":{"line":14,"column":33}},"loc":{"start":{"line":14,"column":57},"end":{"line":47,"column":1}},"line":14}},"branchMap":{"0":{"loc":{"start":{"line":15,"column":2},"end":{"line":46,"column":3}},"type":"if","locations":[{"start":{"line":15,"column":2},"end":{"line":46,"column":3}},{"start":{"line":15,"column":2},"end":{"line":46,"column":3}}],"line":15},"1":{"loc":{"start":{"line":16,"column":4},"end":{"line":28,"column":5}},"type":"if","locations":[{"start":{"line":16,"column":4},"end":{"line":28,"column":5}},{"start":{"line":16,"column":4},"end":{"line":28,"column":5}}],"line":16},"2":{"loc":{"start":{"line":21,"column":6},"end":{"line":27,"column":7}},"type":"if","locations":[{"start":{"line":21,"column":6},"end":{"line":27,"column":7}},{"start":{"line":21,"column":6},"end":{"line":27,"column":7}}],"line":21},"3":{"loc":{"start":{"line":30,"column":7},"end":{"line":46,"column":3}},"type":"if","locations":[{"start":{"line":30,"column":7},"end":{"line":46,"column":3}},{"start":{"line":30,"column":7},"end":{"line":46,"column":3}}],"line":30},"4":{"loc":{"start":{"line":32,"column":4},"end":{"line":42,"column":5}},"type":"if","locations":[{"start":{"line":32,"column":4},"end":{"line":42,"column":5}},{"start":{"line":32,"column":4},"end":{"line":42,"column":5}}],"line":32},"5":{"loc":{"start":{"line":36,"column":6},"end":{"line":41,"column":7}},"type":"if","locations":[{"start":{"line":36,"column":6},"end":{"line":41,"column":7}},{"start":{"line":36,"column":6},"end":{"line":41,"column":7}}],"line":36}},"s":{"0":1,"1":1,"2":0,"3":0,"4":0,"5":0,"6":0,"7":0,"8":0,"9":0,"10":0,"11":0,"12":0,"13":0,"14":0,"15":0,"16":0,"17":0},"f":{"0":0},"b":{"0":[0,0],"1":[0,0],"2":[0,0],"3":[0,0],"4":[0,0],"5":[0,0]},"_coverageSchema":"1a1c01bbd47fc00a2c39e90264f33305004495a9","hash":"f91e0da227b3cacb455d71a39a2ed3eaaf850170"}
,"C:\\Users\\ayman\\Desktop\\league-system-server\\src\\js\\services\\referees.js": {"path":"C:\\Users\\ayman\\Desktop\\league-system-server\\src\\js\\services\\referees.js","statementMap":{"0":{"start":{"line":6,"column":15},"end":{"line":6,"column":31}},"1":{"start":{"line":9,"column":0},"end":{"line":25,"column":2}},"2":{"start":{"line":10,"column":2},"end":{"line":24,"column":3}},"3":{"start":{"line":11,"column":4},"end":{"line":20,"column":5}},"4":{"start":{"line":12,"column":6},"end":{"line":12,"column":57}},"5":{"start":{"line":15,"column":6},"end":{"line":19,"column":7}},"6":{"start":{"line":16,"column":8},"end":{"line":16,"column":39}},"7":{"start":{"line":18,"column":8},"end":{"line":18,"column":66}},"8":{"start":{"line":23,"column":4},"end":{"line":23,"column":58}},"9":{"start":{"line":27,"column":0},"end":{"line":59,"column":2}},"10":{"start":{"line":28,"column":2},"end":{"line":58,"column":3}},"11":{"start":{"line":29,"column":4},"end":{"line":41,"column":5}},"12":{"start":{"line":30,"column":6},"end":{"line":30,"column":58}},"13":{"start":{"line":33,"column":20},"end":{"line":33,"column":57}},"14":{"start":{"line":34,"column":6},"end":{"line":40,"column":7}},"15":{"start":{"line":35,"column":8},"end":{"line":35,"column":56}},"16":{"start":{"line":38,"column":8},"end":{"line":38,"column":117}},"17":{"start":{"line":39,"column":8},"end":{"line":39,"column":39}},"18":{"start":{"line":43,"column":7},"end":{"line":58,"column":3}},"19":{"start":{"line":44,"column":16},"end":{"line":44,"column":57}},"20":{"start":{"line":45,"column":4},"end":{"line":54,"column":5}},"21":{"start":{"line":46,"column":6},"end":{"line":46,"column":59}},"22":{"start":{"line":49,"column":6},"end":{"line":53,"column":7}},"23":{"start":{"line":50,"column":8},"end":{"line":50,"column":39}},"24":{"start":{"line":52,"column":8},"end":{"line":52,"column":50}},"25":{"start":{"line":57,"column":4},"end":{"line":57,"column":57}},"26":{"start":{"line":61,"column":0},"end":{"line":75,"column":2}},"27":{"start":{"line":62,"column":2},"end":{"line":74,"column":3}},"28":{"start":{"line":63,"column":16},"end":{"line":63,"column":57}},"29":{"start":{"line":64,"column":4},"end":{"line":70,"column":5}},"30":{"start":{"line":65,"column":6},"end":{"line":65,"column":56}},"31":{"start":{"line":68,"column":25},"end":{"line":68,"column":69}},"32":{"start":{"line":69,"column":6},"end":{"line":69,"column":40}},"33":{"start":{"line":73,"column":4},"end":{"line":73,"column":59}},"34":{"start":{"line":78,"column":0},"end":{"line":101,"column":2}},"35":{"start":{"line":79,"column":2},"end":{"line":100,"column":3}},"36":{"start":{"line":80,"column":16},"end":{"line":80,"column":57}},"37":{"start":{"line":81,"column":4},"end":{"line":96,"column":5}},"38":{"start":{"line":82,"column":6},"end":{"line":82,"column":56}},"39":{"start":{"line":84,"column":9},"end":{"line":96,"column":5}},"40":{"start":{"line":87,"column":6},"end":{"line":92,"column":7}},"41":{"start":{"line":88,"column":8},"end":{"line":88,"column":39}},"42":{"start":{"line":91,"column":8},"end":{"line":91,"column":38}},"43":{"start":{"line":95,"column":6},"end":{"line":95,"column":52}},"44":{"start":{"line":99,"column":4},"end":{"line":99,"column":53}},"45":{"start":{"line":103,"column":0},"end":{"line":130,"column":2}},"46":{"start":{"line":104,"column":2},"end":{"line":129,"column":3}},"47":{"start":{"line":105,"column":16},"end":{"line":105,"column":57}},"48":{"start":{"line":106,"column":4},"end":{"line":125,"column":5}},"49":{"start":{"line":107,"column":6},"end":{"line":107,"column":56}},"50":{"start":{"line":110,"column":6},"end":{"line":113,"column":7}},"51":{"start":{"line":111,"column":8},"end":{"line":111,"column":74}},"52":{"start":{"line":112,"column":8},"end":{"line":112,"column":21}},"53":{"start":{"line":113,"column":7},"end":{"line":116,"column":7}},"54":{"start":{"line":114,"column":8},"end":{"line":114,"column":56}},"55":{"start":{"line":115,"column":8},"end":{"line":115,"column":20}},"56":{"start":{"line":117,"column":15},"end":{"line":117,"column":101}},"57":{"start":{"line":118,"column":6},"end":{"line":124,"column":7}},"58":{"start":{"line":119,"column":8},"end":{"line":119,"column":60}},"59":{"start":{"line":120,"column":8},"end":{"line":120,"column":39}},"60":{"start":{"line":123,"column":8},"end":{"line":123,"column":60}},"61":{"start":{"line":128,"column":4},"end":{"line":128,"column":56}}},"fnMap":{"0":{"name":"(anonymous_0)","decl":{"start":{"line":9,"column":20},"end":{"line":9,"column":21}},"loc":{"start":{"line":9,"column":46},"end":{"line":25,"column":1}},"line":9},"1":{"name":"(anonymous_1)","decl":{"start":{"line":27,"column":25},"end":{"line":27,"column":26}},"loc":{"start":{"line":27,"column":50},"end":{"line":59,"column":1}},"line":27},"2":{"name":"(anonymous_2)","decl":{"start":{"line":61,"column":30},"end":{"line":61,"column":31}},"loc":{"start":{"line":61,"column":55},"end":{"line":75,"column":1}},"line":61},"3":{"name":"(anonymous_3)","decl":{"start":{"line":78,"column":29},"end":{"line":78,"column":30}},"loc":{"start":{"line":78,"column":53},"end":{"line":101,"column":1}},"line":78},"4":{"name":"(anonymous_4)","decl":{"start":{"line":103,"column":26},"end":{"line":103,"column":27}},"loc":{"start":{"line":103,"column":50},"end":{"line":130,"column":1}},"line":103}},"branchMap":{"0":{"loc":{"start":{"line":10,"column":2},"end":{"line":24,"column":3}},"type":"if","locations":[{"start":{"line":10,"column":2},"end":{"line":24,"column":3}},{"start":{"line":10,"column":2},"end":{"line":24,"column":3}}],"line":10},"1":{"loc":{"start":{"line":11,"column":4},"end":{"line":20,"column":5}},"type":"if","locations":[{"start":{"line":11,"column":4},"end":{"line":20,"column":5}},{"start":{"line":11,"column":4},"end":{"line":20,"column":5}}],"line":11},"2":{"loc":{"start":{"line":11,"column":7},"end":{"line":11,"column":107}},"type":"binary-expr","locations":[{"start":{"line":11,"column":7},"end":{"line":11,"column":27}},{"start":{"line":11,"column":31},"end":{"line":11,"column":50}},{"start":{"line":11,"column":54},"end":{"line":11,"column":69}},{"start":{"line":11,"column":73},"end":{"line":11,"column":88}},{"start":{"line":11,"column":92},"end":{"line":11,"column":107}}],"line":11},"3":{"loc":{"start":{"line":15,"column":6},"end":{"line":19,"column":7}},"type":"if","locations":[{"start":{"line":15,"column":6},"end":{"line":19,"column":7}},{"start":{"line":15,"column":6},"end":{"line":19,"column":7}}],"line":15},"4":{"loc":{"start":{"line":28,"column":2},"end":{"line":58,"column":3}},"type":"if","locations":[{"start":{"line":28,"column":2},"end":{"line":58,"column":3}},{"start":{"line":28,"column":2},"end":{"line":58,"column":3}}],"line":28},"5":{"loc":{"start":{"line":29,"column":4},"end":{"line":41,"column":5}},"type":"if","locations":[{"start":{"line":29,"column":4},"end":{"line":41,"column":5}},{"start":{"line":29,"column":4},"end":{"line":41,"column":5}}],"line":29},"6":{"loc":{"start":{"line":34,"column":6},"end":{"line":40,"column":7}},"type":"if","locations":[{"start":{"line":34,"column":6},"end":{"line":40,"column":7}},{"start":{"line":34,"column":6},"end":{"line":40,"column":7}}],"line":34},"7":{"loc":{"start":{"line":43,"column":7},"end":{"line":58,"column":3}},"type":"if","locations":[{"start":{"line":43,"column":7},"end":{"line":58,"column":3}},{"start":{"line":43,"column":7},"end":{"line":58,"column":3}}],"line":43},"8":{"loc":{"start":{"line":45,"column":4},"end":{"line":54,"column":5}},"type":"if","locations":[{"start":{"line":45,"column":4},"end":{"line":54,"column":5}},{"start":{"line":45,"column":4},"end":{"line":54,"column":5}}],"line":45},"9":{"loc":{"start":{"line":49,"column":6},"end":{"line":53,"column":7}},"type":"if","locations":[{"start":{"line":49,"column":6},"end":{"line":53,"column":7}},{"start":{"line":49,"column":6},"end":{"line":53,"column":7}}],"line":49},"10":{"loc":{"start":{"line":62,"column":2},"end":{"line":74,"column":3}},"type":"if","locations":[{"start":{"line":62,"column":2},"end":{"line":74,"column":3}},{"start":{"line":62,"column":2},"end":{"line":74,"column":3}}],"line":62},"11":{"loc":{"start":{"line":64,"column":4},"end":{"line":70,"column":5}},"type":"if","locations":[{"start":{"line":64,"column":4},"end":{"line":70,"column":5}},{"start":{"line":64,"column":4},"end":{"line":70,"column":5}}],"line":64},"12":{"loc":{"start":{"line":79,"column":2},"end":{"line":100,"column":3}},"type":"if","locations":[{"start":{"line":79,"column":2},"end":{"line":100,"column":3}},{"start":{"line":79,"column":2},"end":{"line":100,"column":3}}],"line":79},"13":{"loc":{"start":{"line":81,"column":4},"end":{"line":96,"column":5}},"type":"if","locations":[{"start":{"line":81,"column":4},"end":{"line":96,"column":5}},{"start":{"line":81,"column":4},"end":{"line":96,"column":5}}],"line":81},"14":{"loc":{"start":{"line":84,"column":9},"end":{"line":96,"column":5}},"type":"if","locations":[{"start":{"line":84,"column":9},"end":{"line":96,"column":5}},{"start":{"line":84,"column":9},"end":{"line":96,"column":5}}],"line":84},"15":{"loc":{"start":{"line":87,"column":6},"end":{"line":92,"column":7}},"type":"if","locations":[{"start":{"line":87,"column":6},"end":{"line":92,"column":7}},{"start":{"line":87,"column":6},"end":{"line":92,"column":7}}],"line":87},"16":{"loc":{"start":{"line":104,"column":2},"end":{"line":129,"column":3}},"type":"if","locations":[{"start":{"line":104,"column":2},"end":{"line":129,"column":3}},{"start":{"line":104,"column":2},"end":{"line":129,"column":3}}],"line":104},"17":{"loc":{"start":{"line":106,"column":4},"end":{"line":125,"column":5}},"type":"if","locations":[{"start":{"line":106,"column":4},"end":{"line":125,"column":5}},{"start":{"line":106,"column":4},"end":{"line":125,"column":5}}],"line":106},"18":{"loc":{"start":{"line":110,"column":6},"end":{"line":113,"column":7}},"type":"if","locations":[{"start":{"line":110,"column":6},"end":{"line":113,"column":7}},{"start":{"line":110,"column":6},"end":{"line":113,"column":7}}],"line":110},"19":{"loc":{"start":{"line":113,"column":7},"end":{"line":116,"column":7}},"type":"if","locations":[{"start":{"line":113,"column":7},"end":{"line":116,"column":7}},{"start":{"line":113,"column":7},"end":{"line":116,"column":7}}],"line":113},"20":{"loc":{"start":{"line":118,"column":6},"end":{"line":124,"column":7}},"type":"if","locations":[{"start":{"line":118,"column":6},"end":{"line":124,"column":7}},{"start":{"line":118,"column":6},"end":{"line":124,"column":7}}],"line":118}},"s":{"0":1,"1":1,"2":0,"3":0,"4":0,"5":0,"6":0,"7":0,"8":0,"9":1,"10":0,"11":0,"12":0,"13":0,"14":0,"15":0,"16":0,"17":0,"18":0,"19":0,"20":0,"21":0,"22":0,"23":0,"24":0,"25":0,"26":1,"27":0,"28":0,"29":0,"30":0,"31":0,"32":0,"33":0,"34":1,"35":0,"36":0,"37":0,"38":0,"39":0,"40":0,"41":0,"42":0,"43":0,"44":0,"45":1,"46":0,"47":0,"48":0,"49":0,"50":0,"51":0,"52":0,"53":0,"54":0,"55":0,"56":0,"57":0,"58":0,"59":0,"60":0,"61":0},"f":{"0":0,"1":0,"2":0,"3":0,"4":0},"b":{"0":[0,0],"1":[0,0],"2":[0,0,0,0,0],"3":[0,0],"4":[0,0],"5":[0,0],"6":[0,0],"7":[0,0],"8":[0,0],"9":[0,0],"10":[0,0],"11":[0,0],"12":[0,0],"13":[0,0],"14":[0,0],"15":[0,0],"16":[0,0],"17":[0,0],"18":[0,0],"19":[0,0],"20":[0,0]},"_coverageSchema":"1a1c01bbd47fc00a2c39e90264f33305004495a9","hash":"c4c828b1d188ef6f51fd4373d4330894b53037e9"}
,"C:\\Users\\ayman\\Desktop\\league-system-server\\src\\js\\services\\users.js": {"path":"C:\\Users\\ayman\\Desktop\\league-system-server\\src\\js\\services\\users.js","statementMap":{"0":{"start":{"line":6,"column":19},"end":{"line":6,"column":54}},"1":{"start":{"line":8,"column":15},"end":{"line":8,"column":31}},"2":{"start":{"line":11,"column":0},"end":{"line":28,"column":3}},"3":{"start":{"line":12,"column":2},"end":{"line":27,"column":3}},"4":{"start":{"line":13,"column":4},"end":{"line":13,"column":63}},"5":{"start":{"line":15,"column":16},"end":{"line":15,"column":70}},"6":{"start":{"line":16,"column":4},"end":{"line":26,"column":9}},"7":{"start":{"line":17,"column":6},"end":{"line":19,"column":9}},"8":{"start":{"line":20,"column":6},"end":{"line":22,"column":9}},"9":{"start":{"line":24,"column":6},"end":{"line":26,"column":9}},"10":{"start":{"line":31,"column":0},"end":{"line":52,"column":2}},"11":{"start":{"line":32,"column":2},"end":{"line":36,"column":7}},"12":{"start":{"line":34,"column":4},"end":{"line":36,"column":7}},"13":{"start":{"line":38,"column":4},"end":{"line":41,"column":10}},"14":{"start":{"line":39,"column":8},"end":{"line":41,"column":10}},"15":{"start":{"line":43,"column":16},"end":{"line":43,"column":123}},"16":{"start":{"line":44,"column":4},"end":{"line":51,"column":11}},"17":{"start":{"line":45,"column":8},"end":{"line":47,"column":11}},"18":{"start":{"line":49,"column":8},"end":{"line":51,"column":11}}},"fnMap":{"0":{"name":"(anonymous_0)","decl":{"start":{"line":11,"column":22},"end":{"line":11,"column":23}},"loc":{"start":{"line":11,"column":48},"end":{"line":28,"column":1}},"line":11},"1":{"name":"(anonymous_1)","decl":{"start":{"line":31,"column":23},"end":{"line":31,"column":24}},"loc":{"start":{"line":31,"column":49},"end":{"line":52,"column":1}},"line":31}},"branchMap":{"0":{"loc":{"start":{"line":12,"column":2},"end":{"line":27,"column":3}},"type":"if","locations":[{"start":{"line":12,"column":2},"end":{"line":27,"column":3}},{"start":{"line":12,"column":2},"end":{"line":27,"column":3}}],"line":12},"1":{"loc":{"start":{"line":12,"column":6},"end":{"line":12,"column":46}},"type":"binary-expr","locations":[{"start":{"line":12,"column":6},"end":{"line":12,"column":24}},{"start":{"line":12,"column":28},"end":{"line":12,"column":46}}],"line":12},"2":{"loc":{"start":{"line":16,"column":4},"end":{"line":26,"column":9}},"type":"if","locations":[{"start":{"line":16,"column":4},"end":{"line":26,"column":9}},{"start":{"line":16,"column":4},"end":{"line":26,"column":9}}],"line":16},"3":{"loc":{"start":{"line":32,"column":2},"end":{"line":36,"column":7}},"type":"if","locations":[{"start":{"line":32,"column":2},"end":{"line":36,"column":7}},{"start":{"line":32,"column":2},"end":{"line":36,"column":7}}],"line":32},"4":{"loc":{"start":{"line":38,"column":4},"end":{"line":41,"column":10}},"type":"if","locations":[{"start":{"line":38,"column":4},"end":{"line":41,"column":10}},{"start":{"line":38,"column":4},"end":{"line":41,"column":10}}],"line":38},"5":{"loc":{"start":{"line":38,"column":8},"end":{"line":38,"column":108}},"type":"binary-expr","locations":[{"start":{"line":38,"column":8},"end":{"line":38,"column":26}},{"start":{"line":38,"column":30},"end":{"line":38,"column":48}},{"start":{"line":38,"column":52},"end":{"line":38,"column":67}},{"start":{"line":38,"column":71},"end":{"line":38,"column":85}},{"start":{"line":38,"column":89},"end":{"line":38,"column":108}}],"line":38},"6":{"loc":{"start":{"line":44,"column":4},"end":{"line":51,"column":11}},"type":"if","locations":[{"start":{"line":44,"column":4},"end":{"line":51,"column":11}},{"start":{"line":44,"column":4},"end":{"line":51,"column":11}}],"line":44}},"s":{"0":1,"1":1,"2":1,"3":2,"4":0,"5":2,"6":2,"7":1,"8":1,"9":1,"10":1,"11":0,"12":0,"13":0,"14":0,"15":0,"16":0,"17":0,"18":0},"f":{"0":2,"1":0},"b":{"0":[0,2],"1":[2,2],"2":[1,1],"3":[0,0],"4":[0,0],"5":[0,0,0,0,0],"6":[0,0]},"_coverageSchema":"1a1c01bbd47fc00a2c39e90264f33305004495a9","hash":"0cdf09705e222bba34da5c55e482cdfc223b50ad"}
}
