TN:
SF:src\js\app.js
FNF:0
FNH:0
DA:8,1
DA:10,1
DA:15,1
DA:17,1
DA:18,1
DA:26,1
LF:6
LH:6
BRF:0
BRH:0
end_of_record
TN:
SF:src\js\auth.js
FN:17,verifyUserToken
FN:18,(anonymous_1)
FNF:2
FNH:2
FNDA:3,verifyUserToken
FNDA:3,(anonymous_1)
DA:6,2
DA:8,2
DA:9,2
DA:11,2
DA:18,3
DA:19,3
DA:20,1
DA:22,2
DA:23,1
DA:25,1
DA:30,2
LF:11
LH:11
BRDA:19,0,0,1
BRDA:19,0,1,2
BRDA:22,1,0,1
BRDA:22,1,1,1
BRF:4
BRH:4
end_of_record
TN:
SF:src\js\data\db.js
FNF:0
FNH:0
DA:11,3
LF:1
LH:1
BRF:0
BRH:0
end_of_record
TN:
SF:src\js\data\game.js
FN:21,syncGames
FNF:1
FNH:1
FNDA:2,syncGames
DA:4,1
DA:6,1
DA:22,2
LF:3
LH:3
BRF:0
BRH:0
end_of_record
TN:
SF:src\js\data\init.js
FN:5,initDb
FNF:1
FNH:1
FNDA:2,initDb
DA:6,2
DA:7,2
DA:8,2
LF:3
LH:3
BRF:0
BRH:0
end_of_record
TN:
SF:src\js\data\referee.js
FN:18,syncReferees
FNF:1
FNH:1
FNDA:2,syncReferees
DA:7,1
DA:19,2
LF:2
LH:2
BRF:0
BRH:0
end_of_record
TN:
SF:src\js\data\user.js
FN:25,syncUsers
FN:57,checkUserCredentials
FNF:2
FNH:2
FNDA:2,syncUsers
FNDA:12,checkUserCredentials
DA:3,3
DA:5,3
DA:26,2
DA:58,12
DA:71,12
LF:5
LH:5
BRF:0
BRH:0
end_of_record
TN:
SF:src\js\models\game.js
FN:21,(anonymous_0)
FN:25,(anonymous_1)
FN:41,(anonymous_2)
FN:53,(anonymous_3)
FN:62,(anonymous_4)
FNF:5
FNH:5
FNDA:7,(anonymous_0)
FNDA:6,(anonymous_1)
FNDA:1,(anonymous_2)
FNDA:9,(anonymous_3)
FNDA:4,(anonymous_4)
DA:22,7
DA:23,6
DA:27,6
DA:28,5
DA:29,1
DA:31,5
DA:32,1
DA:34,5
DA:35,2
DA:37,5
DA:38,1
DA:40,5
DA:41,1
DA:42,1
DA:45,5
DA:46,5
DA:50,1
DA:54,9
DA:59,9
DA:63,4
DA:69,4
DA:70,3
DA:74,2
DA:75,1
DA:76,1
DA:78,1
DA:81,1
DA:83,1
LF:28
LH:28
BRDA:22,0,0,6
BRDA:22,0,1,1
BRDA:27,1,0,5
BRDA:27,1,1,1
BRDA:28,2,0,1
BRDA:28,2,1,4
BRDA:31,3,0,1
BRDA:31,3,1,4
BRDA:34,4,0,2
BRDA:34,4,1,3
BRDA:37,5,0,1
BRDA:37,5,1,4
BRDA:40,6,0,1
BRDA:40,6,1,4
BRDA:69,7,0,3
BRDA:69,7,1,1
BRDA:70,8,0,2
BRDA:70,8,1,1
BRDA:74,9,0,1
BRDA:74,9,1,1
BRDA:74,10,0,2
BRDA:74,10,1,2
BRF:22
BRH:22
end_of_record
TN:
SF:src\js\models\referee.js
FN:5,(anonymous_0)
FN:13,(anonymous_1)
FN:25,(anonymous_2)
FN:29,(anonymous_3)
FN:55,(anonymous_4)
FN:73,(anonymous_5)
FN:77,(anonymous_6)
FN:89,(anonymous_7)
FNF:8
FNH:8
FNDA:7,(anonymous_0)
FNDA:24,(anonymous_1)
FNDA:5,(anonymous_2)
FNDA:4,(anonymous_3)
FNDA:5,(anonymous_4)
FNDA:3,(anonymous_5)
FNDA:2,(anonymous_6)
FNDA:8,(anonymous_7)
DA:6,7
DA:7,7
DA:8,7
DA:9,7
DA:10,7
DA:14,24
DA:15,22
DA:16,22
DA:17,22
DA:20,2
DA:26,5
DA:27,4
DA:31,4
DA:32,4
DA:33,3
DA:35,4
DA:36,3
DA:38,4
DA:39,4
DA:41,4
DA:42,2
DA:44,4
DA:45,1
DA:47,4
DA:51,1
DA:56,5
DA:57,4
DA:60,4
DA:62,1
DA:74,3
DA:75,2
DA:79,2
DA:80,1
DA:81,1
DA:83,1
DA:90,8
DA:91,8
DA:92,1
DA:94,7
DA:95,7
DA:96,7
DA:97,7
LF:42
LH:42
BRDA:14,0,0,22
BRDA:14,0,1,2
BRDA:16,1,0,22
BRDA:16,1,1,0
BRDA:26,2,0,4
BRDA:26,2,1,1
BRDA:31,3,0,4
BRDA:31,3,1,0
BRDA:32,4,0,3
BRDA:32,4,1,1
BRDA:35,5,0,3
BRDA:35,5,1,1
BRDA:38,6,0,4
BRDA:38,6,1,0
BRDA:41,7,0,2
BRDA:41,7,1,2
BRDA:44,8,0,1
BRDA:44,8,1,3
BRDA:56,9,0,4
BRDA:56,9,1,1
BRDA:74,10,0,2
BRDA:74,10,1,1
BRDA:74,11,0,3
BRDA:74,11,1,3
BRDA:79,12,0,1
BRDA:79,12,1,1
BRDA:80,13,0,1
BRDA:80,13,1,0
BRDA:91,14,0,1
BRDA:91,14,1,7
BRF:30
BRH:26
end_of_record
TN:
SF:src\js\models\user.js
FN:13,(anonymous_0)
FN:24,(anonymous_1)
FN:29,(anonymous_2)
FN:34,(anonymous_3)
FN:46,(anonymous_4)
FN:62,(anonymous_5)
FN:68,(anonymous_6)
FNF:7
FNH:5
FNDA:1,(anonymous_0)
FNDA:3,(anonymous_1)
FNDA:3,(anonymous_2)
FNDA:6,(anonymous_3)
FNDA:4,(anonymous_4)
FNDA:0,(anonymous_5)
FNDA:0,(anonymous_6)
DA:3,4
DA:14,1
DA:15,1
DA:16,1
DA:17,1
DA:18,1
DA:25,3
DA:30,3
DA:35,6
DA:37,6
DA:38,5
DA:40,1
DA:41,1
DA:42,1
DA:43,1
DA:47,4
DA:53,4
DA:54,4
DA:55,2
DA:58,2
DA:63,0
DA:64,0
DA:65,0
DA:69,0
LF:24
LH:20
BRDA:35,0,0,0
BRDA:35,0,1,6
BRDA:37,1,0,5
BRDA:37,1,1,1
BRDA:54,2,0,2
BRDA:54,2,1,2
BRF:6
BRH:5
end_of_record
TN:
SF:src\js\services\games.js
FN:14,(anonymous_0)
FNF:1
FNH:0
FNDA:0,(anonymous_0)
DA:6,1
DA:14,1
DA:15,0
DA:16,0
DA:17,0
DA:20,0
DA:21,0
DA:22,0
DA:25,0
DA:26,0
DA:30,0
DA:31,0
DA:32,0
DA:33,0
DA:36,0
DA:37,0
DA:40,0
DA:45,0
LF:18
LH:2
BRDA:15,0,0,0
BRDA:15,0,1,0
BRDA:16,1,0,0
BRDA:16,1,1,0
BRDA:21,2,0,0
BRDA:21,2,1,0
BRDA:30,3,0,0
BRDA:30,3,1,0
BRDA:32,4,0,0
BRDA:32,4,1,0
BRDA:36,5,0,0
BRDA:36,5,1,0
BRF:12
BRH:0
end_of_record
TN:
SF:src\js\services\referees.js
FN:9,(anonymous_0)
FN:27,(anonymous_1)
FN:61,(anonymous_2)
FN:78,(anonymous_3)
FN:103,(anonymous_4)
FNF:5
FNH:0
FNDA:0,(anonymous_0)
FNDA:0,(anonymous_1)
FNDA:0,(anonymous_2)
FNDA:0,(anonymous_3)
FNDA:0,(anonymous_4)
DA:6,1
DA:9,1
DA:10,0
DA:11,0
DA:12,0
DA:15,0
DA:16,0
DA:18,0
DA:23,0
DA:27,1
DA:28,0
DA:29,0
DA:30,0
DA:33,0
DA:34,0
DA:35,0
DA:38,0
DA:39,0
DA:43,0
DA:44,0
DA:45,0
DA:46,0
DA:49,0
DA:50,0
DA:52,0
DA:57,0
DA:61,1
DA:62,0
DA:63,0
DA:64,0
DA:65,0
DA:68,0
DA:69,0
DA:73,0
DA:78,1
DA:79,0
DA:80,0
DA:81,0
DA:82,0
DA:84,0
DA:87,0
DA:88,0
DA:91,0
DA:95,0
DA:99,0
DA:103,1
DA:104,0
DA:105,0
DA:106,0
DA:107,0
DA:110,0
DA:111,0
DA:112,0
DA:113,0
DA:114,0
DA:115,0
DA:117,0
DA:118,0
DA:119,0
DA:120,0
DA:123,0
DA:128,0
LF:62
LH:6
BRDA:10,0,0,0
BRDA:10,0,1,0
BRDA:11,1,0,0
BRDA:11,1,1,0
BRDA:11,2,0,0
BRDA:11,2,1,0
BRDA:11,2,2,0
BRDA:11,2,3,0
BRDA:11,2,4,0
BRDA:15,3,0,0
BRDA:15,3,1,0
BRDA:28,4,0,0
BRDA:28,4,1,0
BRDA:29,5,0,0
BRDA:29,5,1,0
BRDA:34,6,0,0
BRDA:34,6,1,0
BRDA:43,7,0,0
BRDA:43,7,1,0
BRDA:45,8,0,0
BRDA:45,8,1,0
BRDA:49,9,0,0
BRDA:49,9,1,0
BRDA:62,10,0,0
BRDA:62,10,1,0
BRDA:64,11,0,0
BRDA:64,11,1,0
BRDA:79,12,0,0
BRDA:79,12,1,0
BRDA:81,13,0,0
BRDA:81,13,1,0
BRDA:84,14,0,0
BRDA:84,14,1,0
BRDA:87,15,0,0
BRDA:87,15,1,0
BRDA:104,16,0,0
BRDA:104,16,1,0
BRDA:106,17,0,0
BRDA:106,17,1,0
BRDA:110,18,0,0
BRDA:110,18,1,0
BRDA:113,19,0,0
BRDA:113,19,1,0
BRDA:118,20,0,0
BRDA:118,20,1,0
BRF:45
BRH:0
end_of_record
TN:
SF:src\js\services\users.js
FN:11,(anonymous_0)
FN:31,(anonymous_1)
FNF:2
FNH:1
FNDA:2,(anonymous_0)
FNDA:0,(anonymous_1)
DA:6,1
DA:8,1
DA:11,1
DA:12,2
DA:13,0
DA:15,2
DA:16,2
DA:17,1
DA:20,1
DA:24,1
DA:31,1
DA:32,0
DA:34,0
DA:38,0
DA:39,0
DA:43,0
DA:44,0
DA:45,0
DA:49,0
LF:19
LH:10
BRDA:12,0,0,0
BRDA:12,0,1,2
BRDA:12,1,0,2
BRDA:12,1,1,2
BRDA:16,2,0,1
BRDA:16,2,1,1
BRDA:32,3,0,0
BRDA:32,3,1,0
BRDA:38,4,0,0
BRDA:38,4,1,0
BRDA:38,5,0,0
BRDA:38,5,1,0
BRDA:38,5,2,0
BRDA:38,5,3,0
BRDA:38,5,4,0
BRDA:44,6,0,0
BRDA:44,6,1,0
BRF:17
BRH:5
end_of_record
